<?xml version="1.0" encoding="UTF-8"?>
<testsuite name="tournament.separated.LibraryTest" tests="1" skipped="0" failures="0" errors="0" timestamp="2022-07-05T19:05:39" hostname="DESKTOP-KB9IMNF" time="0.004">
  <properties/>
  <testcase name="testSomeLibraryMethod" classname="tournament.separated.LibraryTest" time="0.004"/>
  <system-out><![CDATA[]]></system-out>
  <system-err><![CDATA[]]></system-err>
</testsuite>
